/apps/indonesiabisa/server/image
/apps/indonesiabisa/TextCategorization/log
[easysoft@CBN-Server02 TextCategorization]$ python3.7 /apps/indonesiabisa/TextCategorization/auto_posting.py
Using Indonesia server backend.
Fetching 0 link(s)...
20
Fetching 20 link(s)...
Checking url https://techcrunch.com/2020/12/02/helping-big-banks-out-affirm-affirm-and-out-chime-chime-gives-amount-a-681-million-valuation/
Checking url https://techcrunch.com/2020/12/02/twitter-now-supports-hardware-security-keys-for-iphones-and-android/
Checking url https://techcrunch.com/2020/12/02/trump-section-230-ndaa/
Checking url https://techcrunch.com/2020/12/02/amazons-fire-tv-cube-adds-support-for-two-way-video-calls-via-a-connected-tv/
Checking url https://techcrunch.com/2020/12/02/sketchy-medical-series-a-tcg-reach-capital/
Checking url https://techcrunch.com/2020/12/02/everyone-has-an-opinion-on-the-27-7b-slack-acquisition/
Checking url https://techcrunch.com/2020/12/02/daily-crunch-apple-announces-its-best-apps-of-2020/
Checking url https://techcrunch.com/2020/12/02/salesforce-slumps-8-5-as-its-post-slack-selloff-continues/
Checking url https://techcrunch.com/2020/12/02/hulu-officially-launches-its-co-viewing-feature-watch-party/
Checking url https://techcrunch.com/2020/12/02/google-shutting-down-poly-3d-content-platform/
Checking url https://techcrunch.com/2020/12/02/govtech-intelligence-platform-the-atlas-for-cities-bought-by-government-executive-media-group/
Checking url https://techcrunch.com/2020/12/02/neuroglee-gets-2-3-million-to-develop-digital-therapeutics-for-neurodegenerative-diseases/
Checking url https://techcrunch.com/2020/12/02/google-nlrb-labor-complaint/
Checking url https://techcrunch.com/2020/12/02/autox-removes-safety-drivers/
Checking url https://techcrunch.com/2020/12/02/food-robotics-startup-karakuri-unveils-automated-canteen-plus-8-4m-investment-led-by-firstminute/
Checking url https://techcrunch.com/2020/12/02/phonepe-raises-700-million-becomes-a-separate-entity/
Checking url https://techcrunch.com/2020/12/02/bolt-unveils-its-fourth-generation-scooter/
Checking url https://techcrunch.com/2020/12/02/web-summit-will-hold-rise-2022-in-kuala-lumpur-launch-a-new-event-in-tokyo/
Checking url https://techcrunch.com/2020/12/03/alibaba-ethiopian-airlines-to-ship-covid-vaccines/
Checking url https://techcrunch.com/2020/12/03/ultimate-ai-scores-20m-for-a-supportive-approach-to-customer-service-automation/
Error in fetching https://techcrunch.com/2020/12/02/daily-crunch-apple-announces-its-best-apps-of-2020/ :
<class 'newspaper.article.ArticleException'>
timed out, killing all processes
Posting links: 0
[]
[]
Fetching 10 link(s)...
Checking url https://venturebeat.com/2020/12/01/ai-still-struggles-to-recognize-hateful-memes-but-its-slowly-improving/
Checking url https://www.analyticsinsight.net/deep-learning-will-make-robots-grasp-and-move-objects-easily/
Checking url https://analyticsindiamag.com/10-best-free-resources-to-learn-recurrent-neural-networks-rnns/
Checking url https://www.infoworld.com/article/3596593/review-datarobot-aces-automated-machine-learning.html
Checking url https://techcrunch.com/2020/12/02/genesis-therapeutics-raises-52m-a-round-for-its-ai-focused-drug-discovery-mission/
Checking url https://horizon-magazine.eu/article/opening-black-box-artificial-intelligence.html
Checking url https://www.wired.com/story/company-uses-ai-outwit-malicious-ai/
Checking url https://customerthink.com/how-artificial-intelligence-is-changing-hr/
Checking url https://www.zdnet.com/article/bank-of-nz-to-launch-text-to-kiwi-voice-service/
Checking url https://bdtechtalks.com/2020/11/30/machine-learning-spam-detection/
Error in fetching https://www.analyticsinsight.net/deep-learning-will-make-robots-grasp-and-move-objects-easily/ :
<class 'newspaper.article.ArticleException'>
Error in fetching https://www.zdnet.com/article/bank-of-nz-to-launch-text-to-kiwi-voice-service/ :
<class 'newspaper.article.ArticleException'>
timed out, killing all processes
Posting links: 0
[]
[]
Fetching 10 link(s)...
Checking url https://venturebeat.com/2020/12/01/ai-still-struggles-to-recognize-hateful-memes-but-its-slowly-improving/
Checking url https://www.analyticsinsight.net/deep-learning-will-make-robots-grasp-and-move-objects-easily/
Checking url https://analyticsindiamag.com/10-best-free-resources-to-learn-recurrent-neural-networks-rnns/
Checking url https://www.infoworld.com/article/3596593/review-datarobot-aces-automated-machine-learning.html
Checking url https://techcrunch.com/2020/12/02/genesis-therapeutics-raises-52m-a-round-for-its-ai-focused-drug-discovery-mission/
Checking url https://horizon-magazine.eu/article/opening-black-box-artificial-intelligence.html
Checking url https://www.wired.com/story/company-uses-ai-outwit-malicious-ai/
Checking url https://customerthink.com/how-artificial-intelligence-is-changing-hr/
Checking url https://www.zdnet.com/article/bank-of-nz-to-launch-text-to-kiwi-voice-service/
Checking url https://bdtechtalks.com/2020/11/30/machine-learning-spam-detection/
Process Process-36:
Traceback (most recent call last):
  File "/usr/local/lib/python3.7/site-packages/urllib3/connectionpool.py", line 672, in urlopen
    chunked=chunked,
  File "/usr/local/lib/python3.7/site-packages/urllib3/connectionpool.py", line 376, in _make_request
    self._validate_conn(conn)
  File "/usr/local/lib/python3.7/site-packages/urllib3/connectionpool.py", line 994, in _validate_conn
    conn.connect()
  File "/usr/local/lib/python3.7/site-packages/urllib3/connection.py", line 394, in connect
    ssl_context=context,
  File "/usr/local/lib/python3.7/site-packages/urllib3/util/ssl_.py", line 370, in ssl_wrap_socket
    return context.wrap_socket(sock, server_hostname=server_hostname)
  File "/usr/local/lib/python3.7/ssl.py", line 423, in wrap_socket
    session=session
  File "/usr/local/lib/python3.7/ssl.py", line 870, in _create
    self.do_handshake()
  File "/usr/local/lib/python3.7/ssl.py", line 1139, in do_handshake
    self._sslobj.do_handshake()
ssl.SSLEOFError: EOF occurred in violation of protocol (_ssl.c:1076)

During handling of the above exception, another exception occurred:

Traceback (most recent call last):
  File "/home/easysoft/.local/lib/python3.7/site-packages/requests/adapters.py", line 449, in send
    timeout=timeout
  File "/usr/local/lib/python3.7/site-packages/urllib3/connectionpool.py", line 720, in urlopen
    method, url, error=e, _pool=self, _stacktrace=sys.exc_info()[2]
  File "/usr/local/lib/python3.7/site-packages/urllib3/util/retry.py", line 436, in increment
    raise MaxRetryError(_pool, url, error or ResponseError(cause))
urllib3.exceptions.MaxRetryError: HTTPSConnectionPool(host='translate.google.com', port=443): Max retries exceeded with url: / (Caused by SSLError(SSLEOFError(8, 'EOF occurred in violation of protocol (_ssl.c:1076)')))

During handling of the above exception, another exception occurred:

Traceback (most recent call last):
  File "/usr/local/lib/python3.7/multiprocessing/process.py", line 297, in _bootstrap
    self.run()
  File "/usr/local/lib/python3.7/multiprocessing/process.py", line 99, in run
    self._target(*self._args, **self._kwargs)
  File "/apps/indonesiabisa/TextCategorization/auto_posting.py", line 117, in retrieve_post_tuple
    title = textsummarization_baru.translate(title)
  File "/apps/indonesiabisa/TextCategorization/textsummarization_baru.py", line 552, in translate
    translated = translation.google(input,from_language='en',to_language='id')
  File "/home/easysoft/.local/lib/python3.7/site-packages/translators/apis.py", line 255, in google_api
    host_html = ss.get(self.host_url, headers=self.host_headers, proxies=proxies).text
  File "/home/easysoft/.local/lib/python3.7/site-packages/requests/sessions.py", line 555, in get
    return self.request('GET', url, **kwargs)
  File "/home/easysoft/.local/lib/python3.7/site-packages/requests/sessions.py", line 542, in request
    resp = self.send(prep, **send_kwargs)
  File "/home/easysoft/.local/lib/python3.7/site-packages/requests/sessions.py", line 655, in send
    r = adapter.send(request, **kwargs)
  File "/home/easysoft/.local/lib/python3.7/site-packages/requests/adapters.py", line 514, in send
    raise SSLError(e, request=request)
requests.exceptions.SSLError: HTTPSConnectionPool(host='translate.google.com', port=443): Max retries exceeded with url: / (Caused by SSLError(SSLEOFError(8, 'EOF occurred in violation of protocol (_ssl.c:1076)')))
Error in fetching https://horizon-magazine.eu/article/opening-black-box-artificial-intelligence.html :
<class 'newspaper.article.ArticleException'>
Error in fetching https://www.wired.com/story/company-uses-ai-outwit-malicious-ai/ :
<class 'newspaper.article.ArticleException'>
Error in fetching https://www.analyticsinsight.net/deep-learning-will-make-robots-grasp-and-move-objects-easily/ :
<class 'newspaper.article.ArticleException'>
Error in fetching https://www.zdnet.com/article/bank-of-nz-to-launch-text-to-kiwi-voice-service/ :
<class 'newspaper.article.ArticleException'>
timed out, killing all processes
Posting links: 0
[]
[]
Fetching 9 link(s)...
Checking url https://reuters.com/article/us-nestle-climate/nestle-to-invest-3-2-billion-sfr-to-cut-carbon-emissions-idUSKBN28D0NL
Checking url https://reuters.com/article/us-india-walmart/flipkarts-digital-payments-firm-phonepe-to-raise-700-million-from-existing-investors-idUSKBN28D0PZ
Checking url https://reuters.com/article/us-australia-mining-indigenous/australian-inquiry-into-sacred-cave-destruction-seen-recommending-mining-reforms-idUSKBN28D0NY
Checking url https://reuters.com/article/us-daimler-chairman/daimler-proposes-ex-bmw-and-vw-executive-pischetsrieder-as-chairman-idUSKBN28D0VF
Checking url https://reuters.com/article/us-china-australia-wine/china-to-keep-anti-dumping-duties-on-australian-wine-for-up-to-four-months-idUSKBN28D0SX
Checking url https://reuters.com/article/us-boeing-737max-american-airline-storag/american-airlines-goes-full-throttle-to-restore-boeing-max-fleet-idUSKBN28D10B
Checking url https://reuters.com/article/us-crypto-currencies-insight/how-american-investors-are-gobbling-up-booming-bitcoin-idUSKBN28D0Q5
Checking url https://reuters.com/article/us-usa-china-auditing-analysis/analysis-more-u-s-listed-chinese-firms-seen-seeking-backup-listings-as-new-audit-law-looms-idUSKBN28D0SI
Checking url https://reuters.com/article/us-global-markets/european-shares-lower-after-vaccine-shots-dull-covid-economic-pain-idUSKBN28C3IQ

